<?xml version="1.0" encoding="UTF-8"?>
<!-- Generated by org.testng.reporters.JUnitReportReporter -->
<testsuite hostname="GOT500VI75512" name="com.volvo.mfg.test.TestFLFPages" tests="1" failures="0" timestamp="22 Jan 2019 10:58:18 GMT" time="75.171" errors="0">
  <testcase name="PickingofKollis" time="75.171" classname="com.volvo.mfg.test.TestFLFPages"/>
</testsuite> <!-- com.volvo.mfg.test.TestFLFPages -->
